<assemblies timestamp="11/23/2024 13:53:41">
  <assembly name="/projects/challenge/HRBackendExercise.API.Tests/bin/Debug/net6.0/HRBackendExercise.API.Tests.dll" run-date="2024-11-23" run-time="13:53:41" total="47" passed="0" failed="47" skipped="0" time="3.026" errors="0">
    <errors />
    <collection total="1" passed="0" failed="1" skipped="0" name="Test collection for HRBackendExercise.API.Tests.Basic.Controller_DeleteShould" time="0.002">
      <test name="ControllerDeleteShouldReturnSuccessStatusCode" type="HRBackendExercise.API.Tests.Basic.Controller_DeleteShould" method="ReturnSuccessStatusCode" time="0.0016830" result="Fail">
        <failure>
          <message>System.NotImplementedException : The method or operation is not implemented.</message>
          <stack-trace>   at HRBackendExercise.API.Controllers.ProductsController.Delete(Int32 id) in /projects/challenge/HRBackendExercise.API/Controllers/ProductsController.cs:line 35
   at HRBackendExercise.API.Tests.Basic.Controller_DeleteShould.ReturnSuccessStatusCode() in /projects/challenge/HRBackendExercise.API.Tests/Basic/ControllerBasicTests.cs:line 133</stack-trace>
        </failure>
        <traits />
      </test>
    </collection>
    <collection total="1" passed="0" failed="1" skipped="0" name="Test collection for HRBackendExercise.API.Tests.Basic.Controller_GetShould" time="0.001">
      <test name="ControllerGetShouldReturnOk" type="HRBackendExercise.API.Tests.Basic.Controller_GetShould" method="ReturnOk_OnNotNullProduct" time="0.0012591" result="Fail">
        <failure>
          <message>System.NotImplementedException : The method or operation is not implemented.</message>
          <stack-trace>   at HRBackendExercise.API.Controllers.ProductsController.Get(Int32 id) in /projects/challenge/HRBackendExercise.API/Controllers/ProductsController.cs:line 20
   at HRBackendExercise.API.Tests.Basic.Controller_GetShould.ReturnOk_OnNotNullProduct() in /projects/challenge/HRBackendExercise.API.Tests/Basic/ControllerBasicTests.cs:line 23</stack-trace>
        </failure>
        <traits />
      </test>
    </collection>
    <collection total="2" passed="0" failed="2" skipped="0" name="Test collection for HRBackendExercise.API.Tests.Basic.Controller_PostShould" time="0.002">
      <test name="ControllerPostShouldReturnBadRequestOnNullInput" type="HRBackendExercise.API.Tests.Basic.Controller_PostShould" method="ReturnBadRequest_OnNullInputProduct" time="0.0005183" result="Fail">
        <failure>
          <message>System.NotImplementedException : The method or operation is not implemented.</message>
          <stack-trace>   at HRBackendExercise.API.Controllers.ProductsController.Post(Product product) in /projects/challenge/HRBackendExercise.API/Controllers/ProductsController.cs:line 25
   at HRBackendExercise.API.Tests.Basic.Controller_PostShould.ReturnBadRequest_OnNullInputProduct() in /projects/challenge/HRBackendExercise.API.Tests/Basic/ControllerBasicTests.cs:line 63</stack-trace>
        </failure>
        <traits />
      </test>
      <test name="ControllerPostShouldReturnSuccessStatusCode" type="HRBackendExercise.API.Tests.Basic.Controller_PostShould" method="ReturnSuccessStatusCode" time="0.0012524" result="Fail">
        <failure>
          <message>System.NotImplementedException : The method or operation is not implemented.</message>
          <stack-trace>   at HRBackendExercise.API.Controllers.ProductsController.Post(Product product) in /projects/challenge/HRBackendExercise.API/Controllers/ProductsController.cs:line 25
   at HRBackendExercise.API.Tests.Basic.Controller_PostShould.ReturnSuccessStatusCode() in /projects/challenge/HRBackendExercise.API.Tests/Basic/ControllerBasicTests.cs:line 46</stack-trace>
        </failure>
        <traits />
      </test>
    </collection>
    <collection total="2" passed="0" failed="2" skipped="0" name="Test collection for HRBackendExercise.API.Tests.Basic.Controller_PutShould" time="0.279">
      <test name="ControllerPutShouldReturnSuccessStatusCode" type="HRBackendExercise.API.Tests.Basic.Controller_PutShould" method="ReturnSuccessStatusCode" time="0.2782385" result="Fail">
        <failure>
          <message>System.NotImplementedException : The method or operation is not implemented.</message>
          <stack-trace>   at HRBackendExercise.API.Controllers.ProductsController.Put(Product product) in /projects/challenge/HRBackendExercise.API/Controllers/ProductsController.cs:line 30
   at HRBackendExercise.API.Tests.Basic.Controller_PutShould.ReturnSuccessStatusCode() in /projects/challenge/HRBackendExercise.API.Tests/Basic/ControllerBasicTests.cs:line 84</stack-trace>
        </failure>
        <traits />
      </test>
      <test name="ControllerPutShouldReturnBadRequestOnNullProduct" type="HRBackendExercise.API.Tests.Basic.Controller_PutShould" method="ReturnBadRequest_OnNullInputProduct" time="0.0006718" result="Fail">
        <failure>
          <message>System.NotImplementedException : The method or operation is not implemented.</message>
          <stack-trace>   at HRBackendExercise.API.Controllers.ProductsController.Put(Product product) in /projects/challenge/HRBackendExercise.API/Controllers/ProductsController.cs:line 30
   at HRBackendExercise.API.Tests.Basic.Controller_PutShould.ReturnBadRequest_OnNullInputProduct() in /projects/challenge/HRBackendExercise.API.Tests/Basic/ControllerBasicTests.cs:line 112</stack-trace>
        </failure>
        <traits />
      </test>
    </collection>
    <collection total="1" passed="0" failed="1" skipped="0" name="Test collection for HRBackendExercise.API.Tests.Basic.Service_CreateShould" time="0.000">
      <test name="ServiceCreateShouldReturnNotNull" type="HRBackendExercise.API.Tests.Basic.Service_CreateShould" method="ReturnNotNull" time="0.0004166" result="Fail">
        <failure>
          <message>System.NotImplementedException : The method or operation is not implemented.</message>
          <stack-trace>   at HRBackendExercise.API.Services.ProductService.Create(Product entity) in /projects/challenge/HRBackendExercise.API/Services/ProductService.cs:line 12
   at HRBackendExercise.API.Tests.Basic.Service_CreateShould.ReturnNotNull() in /projects/challenge/HRBackendExercise.API.Tests/Basic/ServiceBasicTests.cs:line 18</stack-trace>
        </failure>
        <traits />
      </test>
    </collection>
    <collection total="2" passed="0" failed="2" skipped="0" name="Test collection for HRBackendExercise.API.Tests.Basic.Service_DeleteShould" time="0.001">
      <test name="ServiceDeleteShouldRemoveProudct" type="HRBackendExercise.API.Tests.Basic.Service_DeleteShould" method="RemoveProduct" time="0.0007354" result="Fail">
        <failure>
          <message>System.NotImplementedException : The method or operation is not implemented.</message>
          <stack-trace>   at HRBackendExercise.API.Services.ProductService.Create(Product entity) in /projects/challenge/HRBackendExercise.API/Services/ProductService.cs:line 12
   at HRBackendExercise.API.Tests.Basic.Service_DeleteShould.RemoveProduct() in /projects/challenge/HRBackendExercise.API.Tests/Basic/ServiceBasicTests.cs:line 130</stack-trace>
        </failure>
        <traits />
      </test>
      <test name="ServiceDeleteShouldDoNothing" type="HRBackendExercise.API.Tests.Basic.Service_DeleteShould" method="DoNothing_OnCollectionNotContainsProduct" time="0.0004926" result="Fail">
        <failure>
          <message>System.NotImplementedException : The method or operation is not implemented.</message>
          <stack-trace>   at HRBackendExercise.API.Services.ProductService.Create(Product entity) in /projects/challenge/HRBackendExercise.API/Services/ProductService.cs:line 12
   at HRBackendExercise.API.Tests.Basic.Service_DeleteShould.DoNothing_OnCollectionNotContainsProduct() in /projects/challenge/HRBackendExercise.API.Tests/Basic/ServiceBasicTests.cs:line 146</stack-trace>
        </failure>
        <traits />
      </test>
    </collection>
    <collection total="2" passed="0" failed="2" skipped="0" name="Test collection for HRBackendExercise.API.Tests.Basic.Service_GetAllShould" time="0.001">
      <test name="ServiceGetAllShouldReturnEmptyCollection" type="HRBackendExercise.API.Tests.Basic.Service_GetAllShould" method="RetrunEmpty" time="0.0005248" result="Fail">
        <failure>
          <message>System.NotImplementedException : The method or operation is not implemented.</message>
          <stack-trace>   at HRBackendExercise.API.Services.ProductService.GetAll() in /projects/challenge/HRBackendExercise.API/Services/ProductService.cs:line 22
   at HRBackendExercise.API.Tests.Basic.Service_GetAllShould.RetrunEmpty() in /projects/challenge/HRBackendExercise.API.Tests/Basic/ServiceBasicTests.cs:line 51</stack-trace>
        </failure>
        <traits />
      </test>
      <test name="ServiceGetAllShouldAllEntries" type="HRBackendExercise.API.Tests.Basic.Service_GetAllShould" method="ReturnAllEntries" time="0.0008279" result="Fail">
        <failure>
          <message>System.NotImplementedException : The method or operation is not implemented.</message>
          <stack-trace>   at HRBackendExercise.API.Services.ProductService.Create(Product entity) in /projects/challenge/HRBackendExercise.API/Services/ProductService.cs:line 12
   at HRBackendExercise.API.Tests.Basic.Service_GetAllShould.ReturnAllEntries() in /projects/challenge/HRBackendExercise.API.Tests/Basic/ServiceBasicTests.cs:line 64</stack-trace>
        </failure>
        <traits />
      </test>
    </collection>
    <collection total="1" passed="0" failed="1" skipped="0" name="Test collection for HRBackendExercise.API.Tests.Basic.Service_GetShould" time="0.001">
      <test name="ServiceGetShouldReturnNotNull" type="HRBackendExercise.API.Tests.Basic.Service_GetShould" method="ReturnNotNull_OnValidId" time="0.0005122" result="Fail">
        <failure>
          <message>System.NotImplementedException : The method or operation is not implemented.</message>
          <stack-trace>   at HRBackendExercise.API.Services.ProductService.Create(Product entity) in /projects/challenge/HRBackendExercise.API/Services/ProductService.cs:line 12
   at HRBackendExercise.API.Tests.Basic.Service_GetShould.ReturnNotNull_OnValidId() in /projects/challenge/HRBackendExercise.API.Tests/Basic/ServiceBasicTests.cs:line 34</stack-trace>
        </failure>
        <traits />
      </test>
    </collection>
    <collection total="2" passed="0" failed="2" skipped="0" name="Test collection for HRBackendExercise.API.Tests.Basic.Service_UpdateShould" time="0.018">
      <test name="ServiceUpdateShouldThrowException" type="HRBackendExercise.API.Tests.Basic.Service_UpdateShould" method="ThrowException_OnInvalidId" time="0.0128609" result="Fail">
        <failure>
          <message>Assert.StartsWith() Failure: String start does not match
String:         "The method or operation is not implemente"···
Expected start: "Invalid entity."</message>
          <stack-trace>   at HRBackendExercise.API.Tests.Basic.Service_UpdateShould.ThrowException_OnInvalidId() in /projects/challenge/HRBackendExercise.API.Tests/Basic/ServiceBasicTests.cs:line 117</stack-trace>
        </failure>
        <traits />
      </test>
      <test name="ServiceUpdateShouldUpdateValues" type="HRBackendExercise.API.Tests.Basic.Service_UpdateShould" method="UpdateValues" time="0.0046433" result="Fail">
        <failure>
          <message>System.NotImplementedException : The method or operation is not implemented.</message>
          <stack-trace>   at HRBackendExercise.API.Services.ProductService.Create(Product entity) in /projects/challenge/HRBackendExercise.API/Services/ProductService.cs:line 12
   at HRBackendExercise.API.Tests.Basic.Service_UpdateShould.UpdateValues() in /projects/challenge/HRBackendExercise.API.Tests/Basic/ServiceBasicTests.cs:line 93</stack-trace>
        </failure>
        <traits />
      </test>
    </collection>
    <collection total="27" passed="0" failed="27" skipped="0" name="Test collection for HRBackendExercise.API.Tests.Hidden.ControllerTests" time="0.373">
      <test name="ControllerPostShouldReturnBadRequestOnNullSKU" type="HRBackendExercise.API.Tests.Hidden.ControllerTests" method="Post_ShouldReturnBadRequest_OnNullSKU" time="0.2779096" result="Fail">
        <failure>
          <message>System.NotImplementedException : The method or operation is not implemented.</message>
          <stack-trace>   at HRBackendExercise.API.Controllers.ProductsController.Post(Product product) in /projects/challenge/HRBackendExercise.API/Controllers/ProductsController.cs:line 25
   at HRBackendExercise.API.Tests.Hidden.ControllerTests.Post_ShouldReturnBadRequest_OnNullSKU() in /projects/challenge/HRBackendExercise.API.Tests/Hidden/ControllerTests.cs:line 199</stack-trace>
        </failure>
        <traits />
      </test>
      <test name="ControllerGetShouldReturnNotFound" type="HRBackendExercise.API.Tests.Hidden.ControllerTests" method="Get_ShouldReturnNotFound_OnNullProduct" time="0.0145444" result="Fail">
        <failure>
          <message>System.NotImplementedException : The method or operation is not implemented.</message>
          <stack-trace>   at HRBackendExercise.API.Controllers.ProductsController.Get(Int32 id) in /projects/challenge/HRBackendExercise.API/Controllers/ProductsController.cs:line 20
   at HRBackendExercise.API.Tests.Hidden.ControllerTests.Get_ShouldReturnNotFound_OnNullProduct() in /projects/challenge/HRBackendExercise.API.Tests/Hidden/ControllerTests.cs:line 74</stack-trace>
        </failure>
        <traits />
      </test>
      <test name="ControllerPutShouldReturnNotFound" type="HRBackendExercise.API.Tests.Hidden.ControllerTests" method="Put_ShouldReturnNotFound_OnNullProduct" time="0.0155364" result="Fail">
        <failure>
          <message>System.NotImplementedException : The method or operation is not implemented.</message>
          <stack-trace>   at HRBackendExercise.API.Controllers.ProductsController.Put(Product product) in /projects/challenge/HRBackendExercise.API/Controllers/ProductsController.cs:line 30
   at HRBackendExercise.API.Tests.Hidden.ControllerTests.Put_ShouldReturnNotFound_OnNullProduct() in /projects/challenge/HRBackendExercise.API.Tests/Hidden/ControllerTests.cs:line 306</stack-trace>
        </failure>
        <traits />
      </test>
      <test name="ControllerPutInternalServerErrorShouldHaveMessageProp" type="HRBackendExercise.API.Tests.Hidden.ControllerTests" method="Put_ResponseShouldHasMessageProperty_OnInternalServerErrorScenario" time="0.0062329" result="Fail">
        <failure>
          <message>System.NotImplementedException : The method or operation is not implemented.</message>
          <stack-trace>   at HRBackendExercise.API.Controllers.ProductsController.Put(Product product) in /projects/challenge/HRBackendExercise.API/Controllers/ProductsController.cs:line 30
   at HRBackendExercise.API.Tests.Hidden.ControllerTests.Put_ResponseShouldHasMessageProperty_OnInternalServerErrorScenario() in /projects/challenge/HRBackendExercise.API.Tests/Hidden/ControllerTests.cs:line 254</stack-trace>
        </failure>
        <traits />
      </test>
      <test name="ControllerPostShouldImplementService" type="HRBackendExercise.API.Tests.Hidden.ControllerTests" method="Post_ShouldCallCreateFromService" time="0.0144819" result="Fail">
        <failure>
          <message>System.NotImplementedException : The method or operation is not implemented.</message>
          <stack-trace>   at HRBackendExercise.API.Controllers.ProductsController.Post(Product product) in /projects/challenge/HRBackendExercise.API/Controllers/ProductsController.cs:line 25
   at HRBackendExercise.API.Tests.Hidden.ControllerTests.Post_ShouldCallCreateFromService() in /projects/challenge/HRBackendExercise.API.Tests/Hidden/ControllerTests.cs:line 112</stack-trace>
        </failure>
        <traits />
      </test>
      <test name="ControllerPostShouldReturnCreated" type="HRBackendExercise.API.Tests.Hidden.ControllerTests" method="Post_ShouldReturnCreatedStatusCode" time="0.0011754" result="Fail">
        <failure>
          <message>System.NotImplementedException : The method or operation is not implemented.</message>
          <stack-trace>   at HRBackendExercise.API.Controllers.ProductsController.Post(Product product) in /projects/challenge/HRBackendExercise.API/Controllers/ProductsController.cs:line 25
   at HRBackendExercise.API.Tests.Hidden.ControllerTests.Post_ShouldReturnCreatedStatusCode() in /projects/challenge/HRBackendExercise.API.Tests/Hidden/ControllerTests.cs:line 163</stack-trace>
        </failure>
        <traits />
      </test>
      <test name="ControllerPostShouldBeHttpDecorated" type="HRBackendExercise.API.Tests.Hidden.ControllerTests" method="Post_ShouldHasAccordinglyDecorator" time="0.0183386" result="Fail">
        <failure>
          <message>Assert.Contains() Failure: Filter not matched in collection
Collection: []</message>
          <stack-trace>   at HRBackendExercise.API.Tests.Hidden.ControllerTests.Post_ShouldHasAccordinglyDecorator() in /projects/challenge/HRBackendExercise.API.Tests/Hidden/ControllerTests.cs:line 148</stack-trace>
        </failure>
        <traits />
      </test>
      <test name="ControllerPostShouldReturnBadRequestOnZeroPrice" type="HRBackendExercise.API.Tests.Hidden.ControllerTests" method="Post_ShouldReturnBadRequest_OnPriceEqualsToZero" time="0.0009924" result="Fail">
        <failure>
          <message>System.NotImplementedException : The method or operation is not implemented.</message>
          <stack-trace>   at HRBackendExercise.API.Controllers.ProductsController.Post(Product product) in /projects/challenge/HRBackendExercise.API/Controllers/ProductsController.cs:line 25
   at HRBackendExercise.API.Tests.Hidden.ControllerTests.Post_ShouldReturnBadRequest_OnPriceEqualsToZero() in /projects/challenge/HRBackendExercise.API.Tests/Hidden/ControllerTests.cs:line 214</stack-trace>
        </failure>
        <traits />
      </test>
      <test name="ControllerDeleteShouldReturnNoContent" type="HRBackendExercise.API.Tests.Hidden.ControllerTests" method="Delete_ShouldReturnNoContent" time="0.0011254" result="Fail">
        <failure>
          <message>System.NotImplementedException : The method or operation is not implemented.</message>
          <stack-trace>   at HRBackendExercise.API.Controllers.ProductsController.Delete(Int32 id) in /projects/challenge/HRBackendExercise.API/Controllers/ProductsController.cs:line 35
   at HRBackendExercise.API.Tests.Hidden.ControllerTests.Delete_ShouldReturnNoContent() in /projects/challenge/HRBackendExercise.API.Tests/Hidden/ControllerTests.cs:line 448</stack-trace>
        </failure>
        <traits />
      </test>
      <test name="ControllerPutShouldReturnNoContent" type="HRBackendExercise.API.Tests.Hidden.ControllerTests" method="Put_ShouldReturnNoContent" time="0.0018695" result="Fail">
        <failure>
          <message>System.NotImplementedException : The method or operation is not implemented.</message>
          <stack-trace>   at HRBackendExercise.API.Controllers.ProductsController.Put(Product product) in /projects/challenge/HRBackendExercise.API/Controllers/ProductsController.cs:line 30
   at HRBackendExercise.API.Tests.Hidden.ControllerTests.Put_ShouldReturnNoContent() in /projects/challenge/HRBackendExercise.API.Tests/Hidden/ControllerTests.cs:line 287</stack-trace>
        </failure>
        <traits />
      </test>
      <test name="ControllerDeleteShouldBeHttpDecorated" type="HRBackendExercise.API.Tests.Hidden.ControllerTests" method="Delete_ShouldHasAccordinglyDecorator" time="0.0005879" result="Fail">
        <failure>
          <message>Assert.Contains() Failure: Filter not matched in collection
Collection: []</message>
          <stack-trace>   at HRBackendExercise.API.Tests.Hidden.ControllerTests.Delete_ShouldHasAccordinglyDecorator() in /projects/challenge/HRBackendExercise.API.Tests/Hidden/ControllerTests.cs:line 433</stack-trace>
        </failure>
        <traits />
      </test>
      <test name="ControllerGetShouldImplementService" type="HRBackendExercise.API.Tests.Hidden.ControllerTests" method="Get_ShouldCallGetByIdFromService" time="0.0014650" result="Fail">
        <failure>
          <message>System.NotImplementedException : The method or operation is not implemented.</message>
          <stack-trace>   at HRBackendExercise.API.Controllers.ProductsController.Get(Int32 id) in /projects/challenge/HRBackendExercise.API/Controllers/ProductsController.cs:line 20
   at HRBackendExercise.API.Tests.Hidden.ControllerTests.Get_ShouldCallGetByIdFromService() in /projects/challenge/HRBackendExercise.API.Tests/Hidden/ControllerTests.cs:line 23</stack-trace>
        </failure>
        <traits />
      </test>
      <test name="ControllerDeleteShouldImplementService" type="HRBackendExercise.API.Tests.Hidden.ControllerTests" method="Delete_ShouldCallDeleteFromService" time="0.0017064" result="Fail">
        <failure>
          <message>System.NotImplementedException : The method or operation is not implemented.</message>
          <stack-trace>   at HRBackendExercise.API.Controllers.ProductsController.Delete(Int32 id) in /projects/challenge/HRBackendExercise.API/Controllers/ProductsController.cs:line 35
   at HRBackendExercise.API.Tests.Hidden.ControllerTests.Delete_ShouldCallDeleteFromService() in /projects/challenge/HRBackendExercise.API.Tests/Hidden/ControllerTests.cs:line 393</stack-trace>
        </failure>
        <traits />
      </test>
      <test name="ControllerDeleteInternalServerErrorShouldHaveMessageProp" type="HRBackendExercise.API.Tests.Hidden.ControllerTests" method="Delete_ResponseShouldHasMessageProperty_OnInternalServerErrorScenario" time="0.0019683" result="Fail">
        <failure>
          <message>System.NotImplementedException : The method or operation is not implemented.</message>
          <stack-trace>   at HRBackendExercise.API.Controllers.ProductsController.Delete(Int32 id) in /projects/challenge/HRBackendExercise.API/Controllers/ProductsController.cs:line 35
   at HRBackendExercise.API.Tests.Hidden.ControllerTests.Delete_ResponseShouldHasMessageProperty_OnInternalServerErrorScenario() in /projects/challenge/HRBackendExercise.API.Tests/Hidden/ControllerTests.cs:line 415</stack-trace>
        </failure>
        <traits />
      </test>
      <test name="ControllerPutShouldReturnBadRequestOnZeroId" type="HRBackendExercise.API.Tests.Hidden.ControllerTests" method="Put_ShouldReturnBadRequest_OnIdEqualsToZero" time="0.0007836" result="Fail">
        <failure>
          <message>System.NotImplementedException : The method or operation is not implemented.</message>
          <stack-trace>   at HRBackendExercise.API.Controllers.ProductsController.Put(Product product) in /projects/challenge/HRBackendExercise.API/Controllers/ProductsController.cs:line 30
   at HRBackendExercise.API.Tests.Hidden.ControllerTests.Put_ShouldReturnBadRequest_OnIdEqualsToZero() in /projects/challenge/HRBackendExercise.API.Tests/Hidden/ControllerTests.cs:line 374</stack-trace>
        </failure>
        <traits />
      </test>
      <test name="ControllerDeleteShouldReturnNotFound" type="HRBackendExercise.API.Tests.Hidden.ControllerTests" method="Delete_ShouldReturnNotFound_OnNullProduct" time="0.0015838" result="Fail">
        <failure>
          <message>System.NotImplementedException : The method or operation is not implemented.</message>
          <stack-trace>   at HRBackendExercise.API.Controllers.ProductsController.Delete(Int32 id) in /projects/challenge/HRBackendExercise.API/Controllers/ProductsController.cs:line 35
   at HRBackendExercise.API.Tests.Hidden.ControllerTests.Delete_ShouldReturnNotFound_OnNullProduct() in /projects/challenge/HRBackendExercise.API.Tests/Hidden/ControllerTests.cs:line 470</stack-trace>
        </failure>
        <traits />
      </test>
      <test name="ControllerGetInternalServerErrorShouldHaveMessageProp" type="HRBackendExercise.API.Tests.Hidden.ControllerTests" method="Get_ResponseShouldHasMessageProperty_OnInternalServerErrorScenario" time="0.0012535" result="Fail">
        <failure>
          <message>System.NotImplementedException : The method or operation is not implemented.</message>
          <stack-trace>   at HRBackendExercise.API.Controllers.ProductsController.Get(Int32 id) in /projects/challenge/HRBackendExercise.API/Controllers/ProductsController.cs:line 20
   at HRBackendExercise.API.Tests.Hidden.ControllerTests.Get_ResponseShouldHasMessageProperty_OnInternalServerErrorScenario() in /projects/challenge/HRBackendExercise.API.Tests/Hidden/ControllerTests.cs:line 41</stack-trace>
        </failure>
        <traits />
      </test>
      <test name="ControllerDeleteShouldReturnInternalServerError" type="HRBackendExercise.API.Tests.Hidden.ControllerTests" method="Delete_ShouldReturnInternalServerError_OnUnhandledException" time="0.0015470" result="Fail">
        <failure>
          <message>System.NotImplementedException : The method or operation is not implemented.</message>
          <stack-trace>   at HRBackendExercise.API.Controllers.ProductsController.Delete(Int32 id) in /projects/challenge/HRBackendExercise.API/Controllers/ProductsController.cs:line 35
   at HRBackendExercise.API.Tests.Hidden.ControllerTests.Delete_ShouldReturnInternalServerError_OnUnhandledException() in /projects/challenge/HRBackendExercise.API.Tests/Hidden/ControllerTests.cs:line 491</stack-trace>
        </failure>
        <traits />
      </test>
      <test name="ControllerPutShouldImplementService" type="HRBackendExercise.API.Tests.Hidden.ControllerTests" method="Put_ShouldCallUpdateFromService" time="0.0022987" result="Fail">
        <failure>
          <message>System.NotImplementedException : The method or operation is not implemented.</message>
          <stack-trace>   at HRBackendExercise.API.Controllers.ProductsController.Put(Product product) in /projects/challenge/HRBackendExercise.API/Controllers/ProductsController.cs:line 30
   at HRBackendExercise.API.Tests.Hidden.ControllerTests.Put_ShouldCallUpdateFromService() in /projects/challenge/HRBackendExercise.API.Tests/Hidden/ControllerTests.cs:line 232</stack-trace>
        </failure>
        <traits />
      </test>
      <test name="ControllerPostInternalServerErrorShouldHaveMessageProp" type="HRBackendExercise.API.Tests.Hidden.ControllerTests" method="Post_ResponseShouldHasMessageProperty_OnInternalServerErrorScenario" time="0.0012860" result="Fail">
        <failure>
          <message>System.NotImplementedException : The method or operation is not implemented.</message>
          <stack-trace>   at HRBackendExercise.API.Controllers.ProductsController.Post(Product product) in /projects/challenge/HRBackendExercise.API/Controllers/ProductsController.cs:line 25
   at HRBackendExercise.API.Tests.Hidden.ControllerTests.Post_ResponseShouldHasMessageProperty_OnInternalServerErrorScenario() in /projects/challenge/HRBackendExercise.API.Tests/Hidden/ControllerTests.cs:line 130</stack-trace>
        </failure>
        <traits />
      </test>
      <test name="ControllerPutShouldReturnBadRequestOnNullSKU" type="HRBackendExercise.API.Tests.Hidden.ControllerTests" method="Put_ShouldReturnBadRequest_OnNullSKU" time="0.0005777" result="Fail">
        <failure>
          <message>System.NotImplementedException : The method or operation is not implemented.</message>
          <stack-trace>   at HRBackendExercise.API.Controllers.ProductsController.Put(Product product) in /projects/challenge/HRBackendExercise.API/Controllers/ProductsController.cs:line 30
   at HRBackendExercise.API.Tests.Hidden.ControllerTests.Put_ShouldReturnBadRequest_OnNullSKU() in /projects/challenge/HRBackendExercise.API.Tests/Hidden/ControllerTests.cs:line 344</stack-trace>
        </failure>
        <traits />
      </test>
      <test name="ControllerPostShouldReturnInternalServerError" type="HRBackendExercise.API.Tests.Hidden.ControllerTests" method="Post_ShouldReturnInternalServerError_OnUnhandledException" time="0.0011892" result="Fail">
        <failure>
          <message>System.NotImplementedException : The method or operation is not implemented.</message>
          <stack-trace>   at HRBackendExercise.API.Controllers.ProductsController.Post(Product product) in /projects/challenge/HRBackendExercise.API/Controllers/ProductsController.cs:line 25
   at HRBackendExercise.API.Tests.Hidden.ControllerTests.Post_ShouldReturnInternalServerError_OnUnhandledException() in /projects/challenge/HRBackendExercise.API.Tests/Hidden/ControllerTests.cs:line 182</stack-trace>
        </failure>
        <traits />
      </test>
      <test name="ControllerPutShouldReturnBadRequestOnZeroPrice" type="HRBackendExercise.API.Tests.Hidden.ControllerTests" method="Put_ShouldReturnBadRequest_OnPriceEqualsToZero" time="0.0005590" result="Fail">
        <failure>
          <message>System.NotImplementedException : The method or operation is not implemented.</message>
          <stack-trace>   at HRBackendExercise.API.Controllers.ProductsController.Put(Product product) in /projects/challenge/HRBackendExercise.API/Controllers/ProductsController.cs:line 30
   at HRBackendExercise.API.Tests.Hidden.ControllerTests.Put_ShouldReturnBadRequest_OnPriceEqualsToZero() in /projects/challenge/HRBackendExercise.API.Tests/Hidden/ControllerTests.cs:line 359</stack-trace>
        </failure>
        <traits />
      </test>
      <test name="ControllerPutShouldReturnInternalServerError" type="HRBackendExercise.API.Tests.Hidden.ControllerTests" method="Put_ShouldReturnInternalServerError_OnUnhandledException" time="0.0016716" result="Fail">
        <failure>
          <message>System.NotImplementedException : The method or operation is not implemented.</message>
          <stack-trace>   at HRBackendExercise.API.Controllers.ProductsController.Put(Product product) in /projects/challenge/HRBackendExercise.API/Controllers/ProductsController.cs:line 30
   at HRBackendExercise.API.Tests.Hidden.ControllerTests.Put_ShouldReturnInternalServerError_OnUnhandledException() in /projects/challenge/HRBackendExercise.API.Tests/Hidden/ControllerTests.cs:line 327</stack-trace>
        </failure>
        <traits />
      </test>
      <test name="ControllerPutShouldBeHttpDecorated" type="HRBackendExercise.API.Tests.Hidden.ControllerTests" method="Put_ShouldHasAccordinglyDecorator" time="0.0005506" result="Fail">
        <failure>
          <message>Assert.Contains() Failure: Filter not matched in collection
Collection: []</message>
          <stack-trace>   at HRBackendExercise.API.Tests.Hidden.ControllerTests.Put_ShouldHasAccordinglyDecorator() in /projects/challenge/HRBackendExercise.API.Tests/Hidden/ControllerTests.cs:line 272</stack-trace>
        </failure>
        <traits />
      </test>
      <test name="ControllerGetShouldReturnInternalServerError" type="HRBackendExercise.API.Tests.Hidden.ControllerTests" method="Get_ShouldReturnInternalServerError_OnUnhandledException" time="0.0010545" result="Fail">
        <failure>
          <message>System.NotImplementedException : The method or operation is not implemented.</message>
          <stack-trace>   at HRBackendExercise.API.Controllers.ProductsController.Get(Int32 id) in /projects/challenge/HRBackendExercise.API/Controllers/ProductsController.cs:line 20
   at HRBackendExercise.API.Tests.Hidden.ControllerTests.Get_ShouldReturnInternalServerError_OnUnhandledException() in /projects/challenge/HRBackendExercise.API.Tests/Hidden/ControllerTests.cs:line 92</stack-trace>
        </failure>
        <traits />
      </test>
      <test name="ControllerGetShouldBeHttpDecorated" type="HRBackendExercise.API.Tests.Hidden.ControllerTests" method="Get_ShouldHasAccordinglyDecorator" time="0.0005504" result="Fail">
        <failure>
          <message>Assert.Contains() Failure: Filter not matched in collection
Collection: []</message>
          <stack-trace>   at HRBackendExercise.API.Tests.Hidden.ControllerTests.Get_ShouldHasAccordinglyDecorator() in /projects/challenge/HRBackendExercise.API.Tests/Hidden/ControllerTests.cs:line 59</stack-trace>
        </failure>
        <traits />
      </test>
    </collection>
    <collection total="6" passed="0" failed="6" skipped="0" name="Test collection for HRBackendExercise.API.Tests.Hidden.ServiceTests" time="0.003">
      <test name="ServiceCreateShouldCreateARecord" type="HRBackendExercise.API.Tests.Hidden.ServiceTests" method="Create_ShouldAddARecord" time="0.0004831" result="Fail">
        <failure>
          <message>System.NotImplementedException : The method or operation is not implemented.</message>
          <stack-trace>   at HRBackendExercise.API.Services.ProductService.Create(Product entity) in /projects/challenge/HRBackendExercise.API/Services/ProductService.cs:line 12
   at HRBackendExercise.API.Tests.Hidden.ServiceTests.Create_ShouldAddARecord() in /projects/challenge/HRBackendExercise.API.Tests/Hidden/ServiceTests.cs:line 49</stack-trace>
        </failure>
        <traits />
      </test>
      <test name="ServiceUpdateShouldThrowArgumentBasedException" type="HRBackendExercise.API.Tests.Hidden.ServiceTests" method="Update_ShouldThrowArgumentBasedException_OnInvalidId" time="0.0007251" result="Fail">
        <failure>
          <message>Assert.StartsWith() Failure: String start does not match
String:         "The method or operation is not implemente"···
Expected start: "Invalid entity."</message>
          <stack-trace>   at HRBackendExercise.API.Tests.Hidden.ServiceTests.Update_ShouldThrowArgumentBasedException_OnInvalidId() in /projects/challenge/HRBackendExercise.API.Tests/Hidden/ServiceTests.cs:line 93</stack-trace>
        </failure>
        <traits />
      </test>
      <test name="ServiceCreateShouldIgnoreInputId" type="HRBackendExercise.API.Tests.Hidden.ServiceTests" method="Create_ShouldIgnoreInputModelId" time="0.0004549" result="Fail">
        <failure>
          <message>System.NotImplementedException : The method or operation is not implemented.</message>
          <stack-trace>   at HRBackendExercise.API.Services.ProductService.Create(Product entity) in /projects/challenge/HRBackendExercise.API/Services/ProductService.cs:line 12
   at HRBackendExercise.API.Tests.Hidden.ServiceTests.Create_ShouldIgnoreInputModelId() in /projects/challenge/HRBackendExercise.API.Tests/Hidden/ServiceTests.cs:line 35</stack-trace>
        </failure>
        <traits />
      </test>
      <test name="ServiceCreateShouldAssignIncrementalIds" type="HRBackendExercise.API.Tests.Hidden.ServiceTests" method="Create_ShouldAssignIncrementalIds" time="0.0004987" result="Fail">
        <failure>
          <message>System.NotImplementedException : The method or operation is not implemented.</message>
          <stack-trace>   at HRBackendExercise.API.Services.ProductService.Create(Product entity) in /projects/challenge/HRBackendExercise.API/Services/ProductService.cs:line 12
   at HRBackendExercise.API.Tests.Hidden.ServiceTests.Create_ShouldAssignIncrementalIds() in /projects/challenge/HRBackendExercise.API.Tests/Hidden/ServiceTests.cs:line 16</stack-trace>
        </failure>
        <traits />
      </test>
      <test name="ServiceGetShouldReturnNullOnEmptyCollection" type="HRBackendExercise.API.Tests.Hidden.ServiceTests" method="Get_ShouldReturnNull_OnEmptyCollection" time="0.0004889" result="Fail">
        <failure>
          <message>System.NotImplementedException : The method or operation is not implemented.</message>
          <stack-trace>   at HRBackendExercise.API.Services.ProductService.GetById(Int32 id) in /projects/challenge/HRBackendExercise.API/Services/ProductService.cs:line 17
   at HRBackendExercise.API.Tests.Hidden.ServiceTests.Get_ShouldReturnNull_OnEmptyCollection() in /projects/challenge/HRBackendExercise.API.Tests/Hidden/ServiceTests.cs:line 64</stack-trace>
        </failure>
        <traits />
      </test>
      <test name="ServiceGetShouldReturnNullOnInvalidId" type="HRBackendExercise.API.Tests.Hidden.ServiceTests" method="Get_ShouldReturnNull_OnInvalidId" time="0.0004249" result="Fail">
        <failure>
          <message>System.NotImplementedException : The method or operation is not implemented.</message>
          <stack-trace>   at HRBackendExercise.API.Services.ProductService.Create(Product entity) in /projects/challenge/HRBackendExercise.API/Services/ProductService.cs:line 12
   at HRBackendExercise.API.Tests.Hidden.ServiceTests.Get_ShouldReturnNull_OnInvalidId() in /projects/challenge/HRBackendExercise.API.Tests/Hidden/ServiceTests.cs:line 77</stack-trace>
        </failure>
        <traits />
      </test>
    </collection>
  </assembly>
</assemblies>