<assemblies timestamp="11/23/2024 18:06:40">
  <assembly name="C:\Users\david\Desktop\api-with-tests\HRBackendExercise.API.Tests\bin\Debug\net6.0\HRBackendExercise.API.Tests.dll" run-date="2024-11-23" run-time="18:06:40" total="47" passed="47" failed="0" skipped="0" time="1.442" errors="0">
    <errors />
    <collection total="1" passed="1" failed="0" skipped="0" name="Test collection for HRBackendExercise.API.Tests.Basic.Controller_DeleteShould" time="0.152">
      <test name="ControllerDeleteShouldReturnSuccessStatusCode" type="HRBackendExercise.API.Tests.Basic.Controller_DeleteShould" method="ReturnSuccessStatusCode" time="0.1515628" result="Pass">
        <traits />
      </test>
    </collection>
    <collection total="1" passed="1" failed="0" skipped="0" name="Test collection for HRBackendExercise.API.Tests.Basic.Controller_GetShould" time="0.148">
      <test name="ControllerGetShouldReturnOk" type="HRBackendExercise.API.Tests.Basic.Controller_GetShould" method="ReturnOk_OnNotNullProduct" time="0.1483945" result="Pass">
        <traits />
      </test>
    </collection>
    <collection total="2" passed="2" failed="0" skipped="0" name="Test collection for HRBackendExercise.API.Tests.Basic.Controller_PostShould" time="0.145">
      <test name="ControllerPostShouldReturnBadRequestOnNullInput" type="HRBackendExercise.API.Tests.Basic.Controller_PostShould" method="ReturnBadRequest_OnNullInputProduct" time="0.1251603" result="Pass">
        <traits />
      </test>
      <test name="ControllerPostShouldReturnSuccessStatusCode" type="HRBackendExercise.API.Tests.Basic.Controller_PostShould" method="ReturnSuccessStatusCode" time="0.0195591" result="Pass">
        <traits />
      </test>
    </collection>
    <collection total="2" passed="2" failed="0" skipped="0" name="Test collection for HRBackendExercise.API.Tests.Basic.Controller_PutShould" time="0.152">
      <test name="ControllerPutShouldReturnSuccessStatusCode" type="HRBackendExercise.API.Tests.Basic.Controller_PutShould" method="ReturnSuccessStatusCode" time="0.1517929" result="Pass">
        <traits />
      </test>
      <test name="ControllerPutShouldReturnBadRequestOnNullProduct" type="HRBackendExercise.API.Tests.Basic.Controller_PutShould" method="ReturnBadRequest_OnNullInputProduct" time="0.0003438" result="Pass">
        <traits />
      </test>
    </collection>
    <collection total="1" passed="1" failed="0" skipped="0" name="Test collection for HRBackendExercise.API.Tests.Basic.Service_CreateShould" time="0.009">
      <test name="ServiceCreateShouldReturnNotNull" type="HRBackendExercise.API.Tests.Basic.Service_CreateShould" method="ReturnNotNull" time="0.0092345" result="Pass">
        <traits />
      </test>
    </collection>
    <collection total="2" passed="2" failed="0" skipped="0" name="Test collection for HRBackendExercise.API.Tests.Basic.Service_DeleteShould" time="0.013">
      <test name="ServiceDeleteShouldRemoveProudct" type="HRBackendExercise.API.Tests.Basic.Service_DeleteShould" method="RemoveProduct" time="0.0097254" result="Pass">
        <traits />
      </test>
      <test name="ServiceDeleteShouldDoNothing" type="HRBackendExercise.API.Tests.Basic.Service_DeleteShould" method="DoNothing_OnCollectionNotContainsProduct" time="0.0029510" result="Pass">
        <traits />
      </test>
    </collection>
    <collection total="2" passed="2" failed="0" skipped="0" name="Test collection for HRBackendExercise.API.Tests.Basic.Service_GetAllShould" time="0.017">
      <test name="ServiceGetAllShouldReturnEmptyCollection" type="HRBackendExercise.API.Tests.Basic.Service_GetAllShould" method="RetrunEmpty" time="0.0099942" result="Pass">
        <traits />
      </test>
      <test name="ServiceGetAllShouldAllEntries" type="HRBackendExercise.API.Tests.Basic.Service_GetAllShould" method="ReturnAllEntries" time="0.0069331" result="Pass">
        <traits />
      </test>
    </collection>
    <collection total="1" passed="1" failed="0" skipped="0" name="Test collection for HRBackendExercise.API.Tests.Basic.Service_GetShould" time="0.009">
      <test name="ServiceGetShouldReturnNotNull" type="HRBackendExercise.API.Tests.Basic.Service_GetShould" method="ReturnNotNull_OnValidId" time="0.0092610" result="Pass">
        <traits />
      </test>
    </collection>
    <collection total="2" passed="2" failed="0" skipped="0" name="Test collection for HRBackendExercise.API.Tests.Basic.Service_UpdateShould" time="0.039">
      <test name="ServiceUpdateShouldThrowException" type="HRBackendExercise.API.Tests.Basic.Service_UpdateShould" method="ThrowException_OnInvalidId" time="0.0116700" result="Pass">
        <traits />
      </test>
      <test name="ServiceUpdateShouldUpdateValues" type="HRBackendExercise.API.Tests.Basic.Service_UpdateShould" method="UpdateValues" time="0.0269585" result="Pass">
        <traits />
      </test>
    </collection>
    <collection total="27" passed="27" failed="0" skipped="0" name="Test collection for HRBackendExercise.API.Tests.Hidden.ControllerTests" time="0.179">
      <test name="ControllerPostShouldReturnBadRequestOnNullSKU" type="HRBackendExercise.API.Tests.Hidden.ControllerTests" method="Post_ShouldReturnBadRequest_OnNullSKU" time="0.1251142" result="Pass">
        <traits />
      </test>
      <test name="ControllerGetShouldReturnNotFound" type="HRBackendExercise.API.Tests.Hidden.ControllerTests" method="Get_ShouldReturnNotFound_OnNullProduct" time="0.0174841" result="Pass">
        <traits />
      </test>
      <test name="ControllerPutShouldReturnNotFound" type="HRBackendExercise.API.Tests.Hidden.ControllerTests" method="Put_ShouldReturnNotFound_OnNullProduct" time="0.0011938" result="Pass">
        <traits />
      </test>
      <test name="ControllerPutInternalServerErrorShouldHaveMessageProp" type="HRBackendExercise.API.Tests.Hidden.ControllerTests" method="Put_ResponseShouldHasMessageProperty_OnInternalServerErrorScenario" time="0.0071407" result="Pass">
        <traits />
      </test>
      <test name="ControllerPostShouldImplementService" type="HRBackendExercise.API.Tests.Hidden.ControllerTests" method="Post_ShouldCallCreateFromService" time="0.0054549" result="Pass">
        <traits />
      </test>
      <test name="ControllerPostShouldReturnCreated" type="HRBackendExercise.API.Tests.Hidden.ControllerTests" method="Post_ShouldReturnCreatedStatusCode" time="0.0006378" result="Pass">
        <traits />
      </test>
      <test name="ControllerPostShouldBeHttpDecorated" type="HRBackendExercise.API.Tests.Hidden.ControllerTests" method="Post_ShouldHasAccordinglyDecorator" time="0.0019451" result="Pass">
        <traits />
      </test>
      <test name="ControllerPostShouldReturnBadRequestOnZeroPrice" type="HRBackendExercise.API.Tests.Hidden.ControllerTests" method="Post_ShouldReturnBadRequest_OnPriceEqualsToZero" time="0.0002530" result="Pass">
        <traits />
      </test>
      <test name="ControllerDeleteShouldReturnNoContent" type="HRBackendExercise.API.Tests.Hidden.ControllerTests" method="Delete_ShouldReturnNoContent" time="0.0006033" result="Pass">
        <traits />
      </test>
      <test name="ControllerPutShouldReturnNoContent" type="HRBackendExercise.API.Tests.Hidden.ControllerTests" method="Put_ShouldReturnNoContent" time="0.0009500" result="Pass">
        <traits />
      </test>
      <test name="ControllerDeleteShouldBeHttpDecorated" type="HRBackendExercise.API.Tests.Hidden.ControllerTests" method="Delete_ShouldHasAccordinglyDecorator" time="0.0003889" result="Pass">
        <traits />
      </test>
      <test name="ControllerGetShouldImplementService" type="HRBackendExercise.API.Tests.Hidden.ControllerTests" method="Get_ShouldCallGetByIdFromService" time="0.0014051" result="Pass">
        <traits />
      </test>
      <test name="ControllerDeleteShouldImplementService" type="HRBackendExercise.API.Tests.Hidden.ControllerTests" method="Delete_ShouldCallDeleteFromService" time="0.0025360" result="Pass">
        <traits />
      </test>
      <test name="ControllerDeleteInternalServerErrorShouldHaveMessageProp" type="HRBackendExercise.API.Tests.Hidden.ControllerTests" method="Delete_ResponseShouldHasMessageProperty_OnInternalServerErrorScenario" time="0.0013423" result="Pass">
        <traits />
      </test>
      <test name="ControllerPutShouldReturnBadRequestOnZeroId" type="HRBackendExercise.API.Tests.Hidden.ControllerTests" method="Put_ShouldReturnBadRequest_OnIdEqualsToZero" time="0.0003249" result="Pass">
        <traits />
      </test>
      <test name="ControllerDeleteShouldReturnNotFound" type="HRBackendExercise.API.Tests.Hidden.ControllerTests" method="Delete_ShouldReturnNotFound_OnNullProduct" time="0.0010186" result="Pass">
        <traits />
      </test>
      <test name="ControllerGetInternalServerErrorShouldHaveMessageProp" type="HRBackendExercise.API.Tests.Hidden.ControllerTests" method="Get_ResponseShouldHasMessageProperty_OnInternalServerErrorScenario" time="0.0009373" result="Pass">
        <traits />
      </test>
      <test name="ControllerDeleteShouldReturnInternalServerError" type="HRBackendExercise.API.Tests.Hidden.ControllerTests" method="Delete_ShouldReturnInternalServerError_OnUnhandledException" time="0.0012512" result="Pass">
        <traits />
      </test>
      <test name="ControllerPutShouldImplementService" type="HRBackendExercise.API.Tests.Hidden.ControllerTests" method="Put_ShouldCallUpdateFromService" time="0.0031568" result="Pass">
        <traits />
      </test>
      <test name="ControllerPostInternalServerErrorShouldHaveMessageProp" type="HRBackendExercise.API.Tests.Hidden.ControllerTests" method="Post_ResponseShouldHasMessageProperty_OnInternalServerErrorScenario" time="0.0010583" result="Pass">
        <traits />
      </test>
      <test name="ControllerPutShouldReturnBadRequestOnNullSKU" type="HRBackendExercise.API.Tests.Hidden.ControllerTests" method="Put_ShouldReturnBadRequest_OnNullSKU" time="0.0003039" result="Pass">
        <traits />
      </test>
      <test name="ControllerPostShouldReturnInternalServerError" type="HRBackendExercise.API.Tests.Hidden.ControllerTests" method="Post_ShouldReturnInternalServerError_OnUnhandledException" time="0.0008878" result="Pass">
        <traits />
      </test>
      <test name="ControllerPutShouldReturnBadRequestOnZeroPrice" type="HRBackendExercise.API.Tests.Hidden.ControllerTests" method="Put_ShouldReturnBadRequest_OnPriceEqualsToZero" time="0.0003166" result="Pass">
        <traits />
      </test>
      <test name="ControllerPutShouldReturnInternalServerError" type="HRBackendExercise.API.Tests.Hidden.ControllerTests" method="Put_ShouldReturnInternalServerError_OnUnhandledException" time="0.0014656" result="Pass">
        <traits />
      </test>
      <test name="ControllerPutShouldBeHttpDecorated" type="HRBackendExercise.API.Tests.Hidden.ControllerTests" method="Put_ShouldHasAccordinglyDecorator" time="0.0006063" result="Pass">
        <traits />
      </test>
      <test name="ControllerGetShouldReturnInternalServerError" type="HRBackendExercise.API.Tests.Hidden.ControllerTests" method="Get_ShouldReturnInternalServerError_OnUnhandledException" time="0.0007930" result="Pass">
        <traits />
      </test>
      <test name="ControllerGetShouldBeHttpDecorated" type="HRBackendExercise.API.Tests.Hidden.ControllerTests" method="Get_ShouldHasAccordinglyDecorator" time="0.0005647" result="Pass">
        <traits />
      </test>
    </collection>
    <collection total="6" passed="6" failed="0" skipped="0" name="Test collection for HRBackendExercise.API.Tests.Hidden.ServiceTests" time="0.032">
      <test name="ServiceCreateShouldCreateARecord" type="HRBackendExercise.API.Tests.Hidden.ServiceTests" method="Create_ShouldAddARecord" time="0.0200645" result="Pass">
        <traits />
      </test>
      <test name="ServiceUpdateShouldThrowArgumentBasedException" type="HRBackendExercise.API.Tests.Hidden.ServiceTests" method="Update_ShouldThrowArgumentBasedException_OnInvalidId" time="0.0005706" result="Pass">
        <traits />
      </test>
      <test name="ServiceCreateShouldIgnoreInputId" type="HRBackendExercise.API.Tests.Hidden.ServiceTests" method="Create_ShouldIgnoreInputModelId" time="0.0087866" result="Pass">
        <traits />
      </test>
      <test name="ServiceCreateShouldAssignIncrementalIds" type="HRBackendExercise.API.Tests.Hidden.ServiceTests" method="Create_ShouldAssignIncrementalIds" time="0.0003016" result="Pass">
        <traits />
      </test>
      <test name="ServiceGetShouldReturnNullOnEmptyCollection" type="HRBackendExercise.API.Tests.Hidden.ServiceTests" method="Get_ShouldReturnNull_OnEmptyCollection" time="0.0024155" result="Pass">
        <traits />
      </test>
      <test name="ServiceGetShouldReturnNullOnInvalidId" type="HRBackendExercise.API.Tests.Hidden.ServiceTests" method="Get_ShouldReturnNull_OnInvalidId" time="0.0001566" result="Pass">
        <traits />
      </test>
    </collection>
  </assembly>
</assemblies>